<?xml version="1.0" encoding="UTF-8"?>
<testng-results skipped="0" failed="0" ignored="0" total="1" passed="1">
  <reporter-output>
  </reporter-output>
  <suite name="Default suite" duration-ms="17353" started-at="2019-08-09T10:56:34Z" finished-at="2019-08-09T10:56:52Z">
    <groups>
    </groups>
    <test name="Default test" duration-ms="17353" started-at="2019-08-09T10:56:34Z" finished-at="2019-08-09T10:56:52Z">
      <class name="tests.Tests">
        <test-method status="PASS" signature="setup()[pri:0, instance:tests.Tests@3c0ecd4b]" name="setup" is-config="true" duration-ms="5713" started-at="2019-08-09T10:56:34Z" finished-at="2019-08-09T10:56:40Z">
          <reporter-output>
          </reporter-output>
        </test-method> <!-- setup -->
        <test-method status="PASS" signature="testRespondMessage()[pri:0, instance:tests.Tests@3c0ecd4b]" name="testRespondMessage" duration-ms="9296" started-at="2019-08-09T10:56:40Z" finished-at="2019-08-09T10:56:49Z">
          <reporter-output>
          </reporter-output>
        </test-method> <!-- testRespondMessage -->
        <test-method status="PASS" signature="teardown()[pri:0, instance:tests.Tests@3c0ecd4b]" name="teardown" is-config="true" duration-ms="2330" started-at="2019-08-09T10:56:49Z" finished-at="2019-08-09T10:56:52Z">
          <reporter-output>
          </reporter-output>
        </test-method> <!-- teardown -->
      </class> <!-- tests.Tests -->
    </test> <!-- Default test -->
  </suite> <!-- Default suite -->
</testng-results>
